{"/sandbox/src/Roller.ts": {"path":"/sandbox/src/Roller.ts","statementMap":{"0":{"start":{"line":10,"column":8},"end":{"line":11,"column":22}},"1":{"start":{"line":11,"column":12},"end":{"line":11,"column":22}},"2":{"start":{"line":12,"column":8},"end":{"line":12,"column":28}},"3":{"start":{"line":13,"column":8},"end":{"line":13,"column":23}},"4":{"start":{"line":14,"column":8},"end":{"line":14,"column":55}},"5":{"start":{"line":17,"column":8},"end":{"line":18,"column":41}},"6":{"start":{"line":17,"column":21},"end":{"line":17,"column":22}},"7":{"start":{"line":18,"column":12},"end":{"line":18,"column":41}},"8":{"start":{"line":33,"column":8},"end":{"line":34,"column":21}},"9":{"start":{"line":34,"column":12},"end":{"line":34,"column":21}},"10":{"start":{"line":37,"column":8},"end":{"line":37,"column":27}},"11":{"start":{"line":40,"column":8},"end":{"line":40,"column":73}},"12":{"start":{"line":43,"column":8},"end":{"line":43,"column":21}},"13":{"start":{"line":49,"column":8},"end":{"line":49,"column":26}},"14":{"start":{"line":58,"column":8},"end":{"line":58,"column":34}},"15":{"start":{"line":1,"column":0},"end":{"line":1,"column":13}}},"fnMap":{"0":{"name":"(anonymous_0)","decl":{"start":{"line":9,"column":4},"end":{"line":9,"column":16}},"loc":{"start":{"line":9,"column":29},"end":{"line":19,"column":5}}},"1":{"name":"(anonymous_1)","decl":{"start":{"line":31,"column":4},"end":{"line":31,"column":8}},"loc":{"start":{"line":31,"column":22},"end":{"line":44,"column":5}}},"2":{"name":"(anonymous_2)","decl":{"start":{"line":48,"column":4},"end":{"line":48,"column":8}},"loc":{"start":{"line":48,"column":8},"end":{"line":50,"column":5}}},"3":{"name":"(anonymous_3)","decl":{"start":{"line":57,"column":4},"end":{"line":57,"column":16}},"loc":{"start":{"line":57,"column":16},"end":{"line":59,"column":5}}}},"branchMap":{"0":{"loc":{"start":{"line":10,"column":8},"end":{"line":11,"column":22}},"type":"if","locations":[{"start":{"line":10,"column":8},"end":{"line":11,"column":22}}]},"1":{"loc":{"start":{"line":33,"column":8},"end":{"line":34,"column":21}},"type":"if","locations":[{"start":{"line":33,"column":8},"end":{"line":34,"column":21}}]},"2":{"loc":{"start":{"line":33,"column":12},"end":{"line":33,"column":44}},"type":"binary-expr","locations":[{"start":{"line":33,"column":12},"end":{"line":33,"column":21}},{"start":{"line":33,"column":25},"end":{"line":33,"column":44}}]}},"s":{"0":5,"1":1,"2":5,"3":5,"4":5,"5":5,"6":5,"7":30,"8":9,"9":1,"10":8,"11":8,"12":8,"13":3,"14":4,"15":1},"f":{"0":5,"1":9,"2":3,"3":4},"b":{"0":[1],"1":[1],"2":[9,9]}}
}
